0 info it worked if it ends with ok
1 verbose cli [ '/usr/local/Cellar/node/6.1.0/bin/node',
1 verbose cli   '/usr/local/bin/npm',
1 verbose cli   'run',
1 verbose cli   'deploy' ]
2 info using npm@3.8.6
3 info using node@v6.1.0
4 verbose run-script [ 'predeploy', 'deploy', 'postdeploy' ]
5 info lifecycle my@0.1.0~predeploy: my@0.1.0
6 silly lifecycle my@0.1.0~predeploy: no script for predeploy, continuing
7 info lifecycle my@0.1.0~deploy: my@0.1.0
8 verbose lifecycle my@0.1.0~deploy: unsafe-perm in lifecycle true
9 verbose lifecycle my@0.1.0~deploy: PATH: /usr/local/lib/node_modules/npm/bin/node-gyp-bin:/Users/johnapaolino/Repos/project-portfolio/node_modules/.bin:/usr/local/Cellar/node/6.1.0/bin:/Users/johnapaolino/.rvm/gems/ruby-2.2.4/bin:/Users/johnapaolino/.rvm/gems/ruby-2.2.4@global/bin:/Users/johnapaolino/.rvm/rubies/ruby-2.2.4/bin:/usr/local/bin:/usr/bin:/bin:/usr/sbin:/sbin:/Users/johnapaolino/.rvm/bin
10 verbose lifecycle my@0.1.0~deploy: CWD: /Users/johnapaolino/Repos/project-portfolio
11 silly lifecycle my@0.1.0~deploy: Args: [ '-c', 'gh-pages -d build' ]
12 info lifecycle my@0.1.0~deploy: Failed to exec deploy script
13 verbose stack Error: my@0.1.0 deploy: `gh-pages -d build`
13 verbose stack spawn ENOENT
13 verbose stack     at ChildProcess.<anonymous> (/usr/local/lib/node_modules/npm/lib/utils/spawn.js:17:16)
13 verbose stack     at emitTwo (events.js:106:13)
13 verbose stack     at ChildProcess.emit (events.js:191:7)
13 verbose stack     at maybeClose (internal/child_process.js:850:16)
13 verbose stack     at Process.ChildProcess._handle.onexit (internal/child_process.js:215:5)
14 verbose pkgid my@0.1.0
15 verbose cwd /Users/johnapaolino/Repos/project-portfolio
16 error Darwin 16.1.0
17 error argv "/usr/local/Cellar/node/6.1.0/bin/node" "/usr/local/bin/npm" "run" "deploy"
18 error node v6.1.0
19 error npm  v3.8.6
20 error file sh
21 error code ELIFECYCLE
22 error errno ENOENT
23 error syscall spawn
24 error my@0.1.0 deploy: `gh-pages -d build`
24 error spawn ENOENT
25 error Failed at the my@0.1.0 deploy script 'gh-pages -d build'.
25 error Make sure you have the latest version of node.js and npm installed.
25 error If you do, this is most likely a problem with the my package,
25 error not with npm itself.
25 error Tell the author that this fails on your system:
25 error     gh-pages -d build
25 error You can get information on how to open an issue for this project with:
25 error     npm bugs my
25 error Or if that isn't available, you can get their info via:
25 error     npm owner ls my
25 error There is likely additional logging output above.
26 verbose exit [ 1, true ]
